WARNING:dotenv.main:Python-dotenv could not parse statement starting at line 1
INFO:werkzeug:[31m[1mWARNING: This is a development server. Do not use it in a production deployment. Use a production WSGI server instead.[0m
 * Running on http://127.0.0.1:5001
INFO:werkzeug:[33mPress CTRL+C to quit[0m
INFO:werkzeug: * Restarting with watchdog (inotify)
WARNING:dotenv.main:Python-dotenv could not parse statement starting at line 1
WARNING:werkzeug: * Debugger is active!
INFO:werkzeug: * Debugger PIN: 125-198-749
WARNING:dotenv.main:Python-dotenv could not parse statement starting at line 1
INFO:werkzeug:[31m[1mWARNING: This is a development server. Do not use it in a production deployment. Use a production WSGI server instead.[0m
 * Running on http://127.0.0.1:5001
INFO:werkzeug:[33mPress CTRL+C to quit[0m
INFO:werkzeug: * Restarting with watchdog (inotify)
WARNING:dotenv.main:Python-dotenv could not parse statement starting at line 1
WARNING:werkzeug: * Debugger is active!
INFO:werkzeug: * Debugger PIN: 125-198-749
WARNING:dotenv.main:Python-dotenv could not parse statement starting at line 1
INFO:werkzeug:[31m[1mWARNING: This is a development server. Do not use it in a production deployment. Use a production WSGI server instead.[0m
 * Running on http://127.0.0.1:5001
INFO:werkzeug:[33mPress CTRL+C to quit[0m
INFO:werkzeug: * Restarting with watchdog (inotify)
WARNING:dotenv.main:Python-dotenv could not parse statement starting at line 1
WARNING:werkzeug: * Debugger is active!
INFO:werkzeug: * Debugger PIN: 125-198-749
WARNING:dotenv.main:Python-dotenv could not parse statement starting at line 1
INFO:werkzeug:[31m[1mWARNING: This is a development server. Do not use it in a production deployment. Use a production WSGI server instead.[0m
 * Running on http://127.0.0.1:5001
INFO:werkzeug:[33mPress CTRL+C to quit[0m
INFO:werkzeug: * Restarting with watchdog (inotify)
WARNING:dotenv.main:Python-dotenv could not parse statement starting at line 1
WARNING:werkzeug: * Debugger is active!
INFO:werkzeug: * Debugger PIN: 125-198-749
WARNING:dotenv.main:Python-dotenv could not parse statement starting at line 1
INFO:werkzeug:[31m[1mWARNING: This is a development server. Do not use it in a production deployment. Use a production WSGI server instead.[0m
 * Running on http://127.0.0.1:5001
INFO:werkzeug:[33mPress CTRL+C to quit[0m
INFO:werkzeug: * Restarting with watchdog (inotify)
WARNING:dotenv.main:Python-dotenv could not parse statement starting at line 1
WARNING:werkzeug: * Debugger is active!
INFO:werkzeug: * Debugger PIN: 125-198-749
WARNING:dotenv.main:Python-dotenv could not parse statement starting at line 1
INFO:werkzeug:[31m[1mWARNING: This is a development server. Do not use it in a production deployment. Use a production WSGI server instead.[0m
 * Running on http://127.0.0.1:5001
INFO:werkzeug:[33mPress CTRL+C to quit[0m
INFO:werkzeug: * Restarting with watchdog (inotify)
WARNING:dotenv.main:Python-dotenv could not parse statement starting at line 1
WARNING:werkzeug: * Debugger is active!
INFO:werkzeug: * Debugger PIN: 125-198-749
WARNING:dotenv.main:Python-dotenv could not parse statement starting at line 1
